<?xml version="1.0" encoding="UTF-8"?>
<!-- Generated by org.testng.reporters.JUnitReportReporter -->
<testsuite hostname="BINTERNS-QA25L" failures="0" tests="31" name="test.LandingPage_Test" time="2.936" errors="1" timestamp="2023-05-29T15:44:40 IST" skipped="30">
  <testcase classname="test.LandingPage_Test" name="browser_call" time="2.936">
    <error message="no such window: target window already closed
from unknown error: web view not found
  (Session info: chrome=113.0.5672.127)
Build info: version: &#039;4.8.0&#039;, revision: &#039;267030adea&#039;
System info: os.name: &#039;Windows 10&#039;, os.arch: &#039;amd64&#039;, os.version: &#039;10.0&#039;, java.version: &#039;16.0.2&#039;
Driver info: org.openqa.selenium.chrome.ChromeDriver
Command: [e2afe5f9517f2ab2a0c487a1dc9e671d, maximizeCurrentWindow {}]
Capabilities {acceptInsecureCerts: false, browserName: chrome, browserVersion: 113.0.5672.127, chrome: {chromedriverVersion: 113.0.5672.63 (0e1a4471d5ae..., userDataDir: C:\Users\nnawaz\AppData\Loc...}, goog:chromeOptions: {debuggerAddress: localhost:53058}, networkConnectionEnabled: false, pageLoadStrategy: normal, platformName: WINDOWS, proxy: Proxy(), se:cdp: ws://localhost:53058/devtoo..., se:cdpVersion: 113.0.5672.127, setWindowRect: true, strictFileInteractability: false, timeouts: {implicit: 0, pageLoad: 300000, script: 30000}, unhandledPromptBehavior: dismiss and notify, webauthn:extension:credBlob: true, webauthn:extension:largeBlob: true, webauthn:extension:minPinLength: true, webauthn:extension:prf: true, webauthn:virtualAuthenticators: true}
Session ID: e2afe5f9517f2ab2a0c487a1dc9e671d" type="org.openqa.selenium.NoSuchWindowException">
      <![CDATA[org.openqa.selenium.NoSuchWindowException: no such window: target window already closed
from unknown error: web view not found
  (Session info: chrome=113.0.5672.127)
Build info: version: '4.8.0', revision: '267030adea'
System info: os.name: 'Windows 10', os.arch: 'amd64', os.version: '10.0', java.version: '16.0.2'
Driver info: org.openqa.selenium.chrome.ChromeDriver
Command: [e2afe5f9517f2ab2a0c487a1dc9e671d, maximizeCurrentWindow {}]
Capabilities {acceptInsecureCerts: false, browserName: chrome, browserVersion: 113.0.5672.127, chrome: {chromedriverVersion: 113.0.5672.63 (0e1a4471d5ae..., userDataDir: C:\Users\nnawaz\AppData\Loc...}, goog:chromeOptions: {debuggerAddress: localhost:53058}, networkConnectionEnabled: false, pageLoadStrategy: normal, platformName: WINDOWS, proxy: Proxy(), se:cdp: ws://localhost:53058/devtoo..., se:cdpVersion: 113.0.5672.127, setWindowRect: true, strictFileInteractability: false, timeouts: {implicit: 0, pageLoad: 300000, script: 30000}, unhandledPromptBehavior: dismiss and notify, webauthn:extension:credBlob: true, webauthn:extension:largeBlob: true, webauthn:extension:minPinLength: true, webauthn:extension:prf: true, webauthn:virtualAuthenticators: true}
Session ID: e2afe5f9517f2ab2a0c487a1dc9e671d
at java.base/jdk.internal.reflect.NativeConstructorAccessorImpl.newInstance0(Native Method)
at java.base/jdk.internal.reflect.NativeConstructorAccessorImpl.newInstance(NativeConstructorAccessorImpl.java:78)
at java.base/jdk.internal.reflect.DelegatingConstructorAccessorImpl.newInstance(DelegatingConstructorAccessorImpl.java:45)
at java.base/java.lang.reflect.Constructor.newInstanceWithCaller(Constructor.java:499)
at java.base/java.lang.reflect.Constructor.newInstance(Constructor.java:480)
at org.openqa.selenium.remote.codec.w3c.W3CHttpResponseCodec.createException(W3CHttpResponseCodec.java:200)
at org.openqa.selenium.remote.codec.w3c.W3CHttpResponseCodec.decode(W3CHttpResponseCodec.java:133)
at org.openqa.selenium.remote.codec.w3c.W3CHttpResponseCodec.decode(W3CHttpResponseCodec.java:53)
at org.openqa.selenium.remote.HttpCommandExecutor.execute(HttpCommandExecutor.java:184)
at org.openqa.selenium.remote.service.DriverCommandExecutor.invokeExecute(DriverCommandExecutor.java:167)
at org.openqa.selenium.remote.service.DriverCommandExecutor.execute(DriverCommandExecutor.java:142)
at org.openqa.selenium.remote.RemoteWebDriver.execute(RemoteWebDriver.java:543)
at org.openqa.selenium.remote.RemoteWebDriver.execute(RemoteWebDriver.java:598)
at org.openqa.selenium.remote.RemoteWebDriver.execute(RemoteWebDriver.java:602)
at org.openqa.selenium.remote.RemoteWebDriver$RemoteWebDriverOptions$RemoteWindow.maximize(RemoteWebDriver.java:954)
at base.CarwaleBaseFile.browser(CarwaleBaseFile.java:37)
at test.LandingPage_Test.browser_call(LandingPage_Test.java:21)
at java.base/jdk.internal.reflect.NativeMethodAccessorImpl.invoke0(Native Method)
at java.base/jdk.internal.reflect.NativeMethodAccessorImpl.invoke(NativeMethodAccessorImpl.java:78)
at java.base/jdk.internal.reflect.DelegatingMethodAccessorImpl.invoke(DelegatingMethodAccessorImpl.java:43)
at java.base/java.lang.reflect.Method.invoke(Method.java:567)
at org.testng.internal.MethodInvocationHelper.invokeMethod(MethodInvocationHelper.java:133)
at org.testng.internal.MethodInvocationHelper.invokeMethodConsideringTimeout(MethodInvocationHelper.java:62)
at org.testng.internal.ConfigInvoker.invokeConfigurationMethod(ConfigInvoker.java:385)
at org.testng.internal.ConfigInvoker.invokeConfigurations(ConfigInvoker.java:321)
at org.testng.internal.TestMethodWorker.invokeBeforeClassMethods(TestMethodWorker.java:176)
at org.testng.internal.TestMethodWorker.run(TestMethodWorker.java:122)
at java.base/java.util.ArrayList.forEach(ArrayList.java:1511)
at org.testng.TestRunner.privateRun(TestRunner.java:794)
at org.testng.TestRunner.run(TestRunner.java:596)
at org.testng.SuiteRunner.runTest(SuiteRunner.java:377)
at org.testng.SuiteRunner.runSequentially(SuiteRunner.java:371)
at org.testng.SuiteRunner.privateRun(SuiteRunner.java:332)
at org.testng.SuiteRunner.run(SuiteRunner.java:276)
at org.testng.SuiteRunnerWorker.runSuite(SuiteRunnerWorker.java:53)
at org.testng.SuiteRunnerWorker.run(SuiteRunnerWorker.java:96)
at org.testng.TestNG.runSuitesSequentially(TestNG.java:1212)
at org.testng.TestNG.runSuitesLocally(TestNG.java:1134)
at org.testng.TestNG.runSuites(TestNG.java:1063)
at org.testng.TestNG.run(TestNG.java:1031)
at org.testng.remote.AbstractRemoteTestNG.run(AbstractRemoteTestNG.java:115)
at org.testng.remote.RemoteTestNG.initAndRun(RemoteTestNG.java:251)
at org.testng.remote.RemoteTestNG.main(RemoteTestNG.java:77)
]]>
    </error>
  </testcase> <!-- browser_call -->
  <system-out/>
  <testcase classname="test.LandingPage_Test" name="brand_logo" time="0.000">
    <skipped/>
  </testcase> <!-- brand_logo -->
  <system-out/>
  <testcase classname="test.LandingPage_Test" name="search_bar" time="0.000">
    <skipped/>
  </testcase> <!-- search_bar -->
  <system-out/>
  <testcase classname="test.LandingPage_Test" name="location" time="0.000">
    <skipped/>
  </testcase> <!-- location -->
  <system-out/>
  <testcase classname="test.LandingPage_Test" name="language" time="0.000">
    <skipped/>
  </testcase> <!-- language -->
  <system-out/>
  <testcase classname="test.LandingPage_Test" name="find_right_new_car_search" time="0.000">
    <skipped/>
  </testcase> <!-- find_right_new_car_search -->
  <system-out/>
  <testcase classname="test.LandingPage_Test" name="find_right_used_car_search1" time="0.000">
    <skipped/>
  </testcase> <!-- find_right_used_car_search1 -->
  <system-out/>
  <testcase classname="test.LandingPage_Test" name="popular_price_in_my_city" time="0.000">
    <skipped/>
  </testcase> <!-- popular_price_in_my_city -->
  <system-out/>
  <testcase classname="test.LandingPage_Test" name="featured_car_popular_scroller_right" time="0.000">
    <skipped/>
  </testcase> <!-- featured_car_popular_scroller_right -->
  <system-out/>
  <testcase classname="test.LandingPage_Test" name="just_launched_show_price_in_my_city" time="0.000">
    <skipped/>
  </testcase> <!-- just_launched_show_price_in_my_city -->
  <system-out/>
  <testcase classname="test.LandingPage_Test" name="just_launched_scroller_right" time="0.000">
    <skipped/>
  </testcase> <!-- just_launched_scroller_right -->
  <system-out/>
  <testcase classname="test.LandingPage_Test" name="upcoming" time="0.000">
    <skipped/>
  </testcase> <!-- upcoming -->
  <system-out/>
  <testcase classname="test.LandingPage_Test" name="upcomming_scroller_right" time="0.000">
    <skipped/>
  </testcase> <!-- upcomming_scroller_right -->
  <system-out/>
  <testcase classname="test.LandingPage_Test" name="view_all_popularCars" time="0.000">
    <skipped/>
  </testcase> <!-- view_all_popularCars -->
  <system-out/>
  <testcase classname="test.LandingPage_Test" name="view_all_newly_launched_Cars" time="0.000">
    <skipped/>
  </testcase> <!-- view_all_newly_launched_Cars -->
  <system-out/>
  <testcase classname="test.LandingPage_Test" name="view_all_upcoming_Cars" time="0.000">
    <skipped/>
  </testcase> <!-- view_all_upcoming_Cars -->
  <system-out/>
  <testcase classname="test.LandingPage_Test" name="tata_brand" time="0.000">
    <skipped/>
  </testcase> <!-- tata_brand -->
  <system-out/>
  <testcase classname="test.LandingPage_Test" name="skoda_brand" time="0.000">
    <skipped/>
  </testcase> <!-- skoda_brand -->
  <system-out/>
  <testcase classname="test.LandingPage_Test" name="view_more_brands" time="0.000">
    <skipped/>
  </testcase> <!-- view_more_brands -->
  <system-out/>
  <testcase classname="test.LandingPage_Test" name="car_under_5_lakh" time="0.000">
    <skipped/>
  </testcase> <!-- car_under_5_lakh -->
  <system-out/>
  <testcase classname="test.LandingPage_Test" name="luxrycars" time="0.000">
    <skipped/>
  </testcase> <!-- luxrycars -->
  <system-out/>
  <testcase classname="test.LandingPage_Test" name="body_type_plus_suv" time="0.000">
    <skipped/>
  </testcase> <!-- body_type_plus_suv -->
  <system-out/>
  <testcase classname="test.LandingPage_Test" name="convertiable" time="0.000">
    <skipped/>
  </testcase> <!-- convertiable -->
  <system-out/>
  <testcase classname="test.LandingPage_Test" name="sedan" time="0.000">
    <skipped/>
  </testcase> <!-- sedan -->
  <system-out/>
  <testcase classname="test.LandingPage_Test" name="petrol" time="0.000">
    <skipped/>
  </testcase> <!-- petrol -->
  <system-out/>
  <testcase classname="test.LandingPage_Test" name="cng" time="0.000">
    <skipped/>
  </testcase> <!-- cng -->
  <system-out/>
  <testcase classname="test.LandingPage_Test" name="hybrid" time="0.000">
    <skipped/>
  </testcase> <!-- hybrid -->
  <system-out/>
  <testcase classname="test.LandingPage_Test" name="electric" time="0.000">
    <skipped/>
  </testcase> <!-- electric -->
  <system-out/>
  <testcase classname="test.LandingPage_Test" name="automatic" time="0.000">
    <skipped/>
  </testcase> <!-- automatic -->
  <system-out/>
  <testcase classname="test.LandingPage_Test" name="five_seater_capacity" time="0.000">
    <skipped/>
  </testcase> <!-- five_seater_capacity -->
  <system-out/>
  <testcase classname="test.LandingPage_Test" name="seven_seater_capacity" time="0.000">
    <skipped/>
  </testcase> <!-- seven_seater_capacity -->
  <system-out/>
</testsuite> <!-- test.LandingPage_Test -->
